{"level":"info","message":"A user connected!","timestamp":"2016-03-05T01:39:41.738Z"}
{"level":"info","message":"User get to index page","timestamp":"2016-03-05T01:39:49.397Z"}
{"level":"info","message":"A user connected!","timestamp":"2016-03-05T01:42:28.560Z"}
{"level":"info","message":"User get to index page","timestamp":"2016-03-05T01:42:38.184Z"}
{"level":"info","message":"A user connected!","timestamp":"2016-03-05T01:47:02.707Z"}
{"level":"info","message":"User get to index page","timestamp":"2016-03-05T01:47:10.226Z"}
{"level":"info","message":"Getting information of user","timestamp":"2016-03-05T01:47:17.527Z"}
{"level":"info","message":"A user connected!","timestamp":"2016-03-05T01:51:30.070Z"}
{"level":"info","message":"User get to index page","timestamp":"2016-03-05T01:52:26.998Z"}
{"level":"info","message":"Getting information of user1122951877750315","timestamp":"2016-03-05T01:52:30.484Z"}
{"level":"info","message":"Getting information of user1122951877750315","timestamp":"2016-03-05T02:08:30.732Z"}
{"level":"info","message":"A user connected!","timestamp":"2016-03-05T02:47:17.934Z"}
{"level":"info","message":"User get to index page","timestamp":"2016-03-05T02:47:22.594Z"}
{"level":"info","message":"User get to test page","timestamp":"2016-03-05T02:47:27.655Z"}
{"level":"info","message":"User get to test page","timestamp":"2016-03-05T02:49:25.656Z"}
{"level":"info","message":"User get to test page","timestamp":"2016-03-05T04:15:22.520Z"}
{"level":"info","message":"User get to index page","timestamp":"2016-03-05T04:23:27.550Z"}
{"level":"info","message":"User get to index page","timestamp":"2016-03-05T04:23:28.074Z"}
{"level":"info","message":"User get to index page","timestamp":"2016-03-05T04:23:43.285Z"}
{"level":"info","message":"User get to index page","timestamp":"2016-03-05T04:23:55.901Z"}
{"level":"info","message":"User get to test page","timestamp":"2016-03-06T03:44:18.641Z"}
{"level":"info","message":"User get to test page","timestamp":"2016-03-06T03:52:53.087Z"}
{"level":"info","message":"User get to index page","timestamp":"2016-03-06T06:11:44.510Z"}
{"level":"info","message":"Getting information of user854401678001514","timestamp":"2016-03-06T06:32:58.747Z"}
{"level":"info","message":"Getting information of user854401678001514","timestamp":"2016-03-06T06:51:43.537Z"}
{"level":"info","message":"User get to index page","timestamp":"2016-03-06T07:28:58.486Z"}
{"level":"info","message":"User get to index page","timestamp":"2016-03-06T07:35:45.979Z"}
{"level":"info","message":"User get to index page","timestamp":"2016-03-06T10:13:58.406Z"}
{"level":"info","message":"User get to index page","timestamp":"2016-03-06T17:34:24.394Z"}
{"level":"info","message":"User get to index page","timestamp":"2016-03-06T18:05:13.447Z"}
{"level":"info","message":"Getting information of user1122951877750315","timestamp":"2016-03-06T18:05:32.298Z"}
{"level":"info","message":"User get to test page","timestamp":"2016-03-06T18:10:28.039Z"}
{"level":"info","message":"User get to test page","timestamp":"2016-03-06T18:19:08.638Z"}
{"date":"Sun Mar 06 2016 18:27:36 GMT+0000 (UTC)","process":{"pid":28314,"uid":0,"gid":0,"cwd":"/var/var/html/site/yelphack","execPath":"/usr/bin/node","version":"v4.3.1","argv":["/usr/bin/node","/var/var/html/site/yelphack/app.js"],"memoryUsage":{"rss":55799808,"heapTotal":36278880,"heapUsed":20614112}},"os":{"loadavg":[0.0029296875,0.0146484375,0.04541015625],"uptime":1940852},"trace":[{"column":11,"file":"util.js","function":"Object.exports._errnoException","line":870,"method":"exports._errnoException","native":false},{"column":20,"file":"util.js","function":"exports._exceptionWithHostPort","line":893,"method":"_exceptionWithHostPort","native":false},{"column":14,"file":"net.js","function":"Server._listen2","line":1236,"method":"_listen2","native":false},{"column":10,"file":"net.js","function":"listen","line":1272,"method":null,"native":false},{"column":5,"file":"net.js","function":"Server.listen","line":1368,"method":"listen","native":false},{"column":8,"file":"/var/var/html/site/yelphack/app.js","function":"","line":62,"method":null,"native":false},{"column":26,"file":"module.js","function":"Module._compile","line":409,"method":"_compile","native":false},{"column":10,"file":"module.js","function":"Object.Module._extensions..js","line":416,"method":"Module._extensions..js","native":false},{"column":32,"file":"module.js","function":"Module.load","line":343,"method":"load","native":false},{"column":12,"file":"module.js","function":"Function.Module._load","line":300,"method":"Module._load","native":false},{"column":10,"file":"module.js","function":"Function.Module.runMain","line":441,"method":"Module.runMain","native":false},{"column":18,"file":"node.js","function":"startup","line":134,"method":null,"native":false},{"column":3,"file":"node.js","function":null,"line":962,"method":null,"native":false}],"stack":["Error: listen EADDRINUSE :::8080","    at Object.exports._errnoException (util.js:870:11)","    at exports._exceptionWithHostPort (util.js:893:20)","    at Server._listen2 (net.js:1236:14)","    at listen (net.js:1272:10)","    at Server.listen (net.js:1368:5)","    at Object.<anonymous> (/var/var/html/site/yelphack/app.js:62:8)","    at Module._compile (module.js:409:26)","    at Object.Module._extensions..js (module.js:416:10)","    at Module.load (module.js:343:32)","    at Function.Module._load (module.js:300:12)","    at Function.Module.runMain (module.js:441:10)","    at startup (node.js:134:18)","    at node.js:962:3"],"level":"error","message":"uncaughtException: listen EADDRINUSE :::8080","timestamp":"2016-03-06T18:27:36.869Z"}
{"date":"Sun Mar 06 2016 18:27:36 GMT+0000 (UTC)","process":{"pid":28314,"uid":0,"gid":0,"cwd":"/var/var/html/site/yelphack","execPath":"/usr/bin/node","version":"v4.3.1","argv":["/usr/bin/node","/var/var/html/site/yelphack/app.js"],"memoryUsage":{"rss":56066048,"heapTotal":37310816,"heapUsed":21205200}},"os":{"loadavg":[0.0029296875,0.0146484375,0.04541015625],"uptime":1940852},"trace":[{"column":11,"file":"util.js","function":"Object.exports._errnoException","line":870,"method":"exports._errnoException","native":false},{"column":20,"file":"util.js","function":"exports._exceptionWithHostPort","line":893,"method":"_exceptionWithHostPort","native":false},{"column":14,"file":"net.js","function":"Server._listen2","line":1236,"method":"_listen2","native":false},{"column":10,"file":"net.js","function":"listen","line":1272,"method":null,"native":false},{"column":5,"file":"net.js","function":"Server.listen","line":1368,"method":"listen","native":false},{"column":8,"file":"/var/var/html/site/yelphack/app.js","function":"","line":62,"method":null,"native":false},{"column":26,"file":"module.js","function":"Module._compile","line":409,"method":"_compile","native":false},{"column":10,"file":"module.js","function":"Object.Module._extensions..js","line":416,"method":"Module._extensions..js","native":false},{"column":32,"file":"module.js","function":"Module.load","line":343,"method":"load","native":false},{"column":12,"file":"module.js","function":"Function.Module._load","line":300,"method":"Module._load","native":false},{"column":10,"file":"module.js","function":"Function.Module.runMain","line":441,"method":"Module.runMain","native":false},{"column":18,"file":"node.js","function":"startup","line":134,"method":null,"native":false},{"column":3,"file":"node.js","function":null,"line":962,"method":null,"native":false}],"stack":["Error: listen EADDRINUSE :::8080","    at Object.exports._errnoException (util.js:870:11)","    at exports._exceptionWithHostPort (util.js:893:20)","    at Server._listen2 (net.js:1236:14)","    at listen (net.js:1272:10)","    at Server.listen (net.js:1368:5)","    at Object.<anonymous> (/var/var/html/site/yelphack/app.js:62:8)","    at Module._compile (module.js:409:26)","    at Object.Module._extensions..js (module.js:416:10)","    at Module.load (module.js:343:32)","    at Function.Module._load (module.js:300:12)","    at Function.Module.runMain (module.js:441:10)","    at startup (node.js:134:18)","    at node.js:962:3"],"level":"error","message":"uncaughtException: listen EADDRINUSE :::8080","timestamp":"2016-03-06T18:27:36.880Z"}
{"level":"info","message":"User get to test page","timestamp":"2016-03-06T18:27:42.849Z"}
{"level":"info","message":"User get to test page","timestamp":"2016-03-06T18:27:51.592Z"}
{"date":"Sun Mar 06 2016 18:28:08 GMT+0000 (UTC)","process":{"pid":28326,"uid":0,"gid":0,"cwd":"/var/var/html/site/yelphack","execPath":"/usr/bin/node","version":"v4.3.1","argv":["/usr/bin/node","/var/var/html/site/yelphack/app.js"],"memoryUsage":{"rss":55341056,"heapTotal":36278880,"heapUsed":20629280}},"os":{"loadavg":[0.24462890625,0.0888671875,0.0693359375],"uptime":1940884},"trace":[{"column":11,"file":"util.js","function":"Object.exports._errnoException","line":870,"method":"exports._errnoException","native":false},{"column":20,"file":"util.js","function":"exports._exceptionWithHostPort","line":893,"method":"_exceptionWithHostPort","native":false},{"column":14,"file":"net.js","function":"Server._listen2","line":1236,"method":"_listen2","native":false},{"column":10,"file":"net.js","function":"listen","line":1272,"method":null,"native":false},{"column":5,"file":"net.js","function":"Server.listen","line":1368,"method":"listen","native":false},{"column":8,"file":"/var/var/html/site/yelphack/app.js","function":"","line":62,"method":null,"native":false},{"column":26,"file":"module.js","function":"Module._compile","line":409,"method":"_compile","native":false},{"column":10,"file":"module.js","function":"Object.Module._extensions..js","line":416,"method":"Module._extensions..js","native":false},{"column":32,"file":"module.js","function":"Module.load","line":343,"method":"load","native":false},{"column":12,"file":"module.js","function":"Function.Module._load","line":300,"method":"Module._load","native":false},{"column":10,"file":"module.js","function":"Function.Module.runMain","line":441,"method":"Module.runMain","native":false},{"column":18,"file":"node.js","function":"startup","line":134,"method":null,"native":false},{"column":3,"file":"node.js","function":null,"line":962,"method":null,"native":false}],"stack":["Error: listen EADDRINUSE :::8080","    at Object.exports._errnoException (util.js:870:11)","    at exports._exceptionWithHostPort (util.js:893:20)","    at Server._listen2 (net.js:1236:14)","    at listen (net.js:1272:10)","    at Server.listen (net.js:1368:5)","    at Object.<anonymous> (/var/var/html/site/yelphack/app.js:62:8)","    at Module._compile (module.js:409:26)","    at Object.Module._extensions..js (module.js:416:10)","    at Module.load (module.js:343:32)","    at Function.Module._load (module.js:300:12)","    at Function.Module.runMain (module.js:441:10)","    at startup (node.js:134:18)","    at node.js:962:3"],"level":"error","message":"uncaughtException: listen EADDRINUSE :::8080","timestamp":"2016-03-06T18:28:08.254Z"}
{"date":"Sun Mar 06 2016 18:28:08 GMT+0000 (UTC)","process":{"pid":28326,"uid":0,"gid":0,"cwd":"/var/var/html/site/yelphack","execPath":"/usr/bin/node","version":"v4.3.1","argv":["/usr/bin/node","/var/var/html/site/yelphack/app.js"],"memoryUsage":{"rss":55607296,"heapTotal":37310816,"heapUsed":21220312}},"os":{"loadavg":[0.24462890625,0.0888671875,0.0693359375],"uptime":1940884},"trace":[{"column":11,"file":"util.js","function":"Object.exports._errnoException","line":870,"method":"exports._errnoException","native":false},{"column":20,"file":"util.js","function":"exports._exceptionWithHostPort","line":893,"method":"_exceptionWithHostPort","native":false},{"column":14,"file":"net.js","function":"Server._listen2","line":1236,"method":"_listen2","native":false},{"column":10,"file":"net.js","function":"listen","line":1272,"method":null,"native":false},{"column":5,"file":"net.js","function":"Server.listen","line":1368,"method":"listen","native":false},{"column":8,"file":"/var/var/html/site/yelphack/app.js","function":"","line":62,"method":null,"native":false},{"column":26,"file":"module.js","function":"Module._compile","line":409,"method":"_compile","native":false},{"column":10,"file":"module.js","function":"Object.Module._extensions..js","line":416,"method":"Module._extensions..js","native":false},{"column":32,"file":"module.js","function":"Module.load","line":343,"method":"load","native":false},{"column":12,"file":"module.js","function":"Function.Module._load","line":300,"method":"Module._load","native":false},{"column":10,"file":"module.js","function":"Function.Module.runMain","line":441,"method":"Module.runMain","native":false},{"column":18,"file":"node.js","function":"startup","line":134,"method":null,"native":false},{"column":3,"file":"node.js","function":null,"line":962,"method":null,"native":false}],"stack":["Error: listen EADDRINUSE :::8080","    at Object.exports._errnoException (util.js:870:11)","    at exports._exceptionWithHostPort (util.js:893:20)","    at Server._listen2 (net.js:1236:14)","    at listen (net.js:1272:10)","    at Server.listen (net.js:1368:5)","    at Object.<anonymous> (/var/var/html/site/yelphack/app.js:62:8)","    at Module._compile (module.js:409:26)","    at Object.Module._extensions..js (module.js:416:10)","    at Module.load (module.js:343:32)","    at Function.Module._load (module.js:300:12)","    at Function.Module.runMain (module.js:441:10)","    at startup (node.js:134:18)","    at node.js:962:3"],"level":"error","message":"uncaughtException: listen EADDRINUSE :::8080","timestamp":"2016-03-06T18:28:08.263Z"}
{"level":"info","message":"A user connected!","timestamp":"2016-03-06T18:31:28.479Z"}
{"level":"info","message":"User get to index page","timestamp":"2016-03-06T18:31:36.423Z"}
{"level":"info","message":"User get to test page","timestamp":"2016-03-06T18:31:40.037Z"}
{"level":"info","message":"A user connected!","timestamp":"2016-03-06T18:33:42.503Z"}
{"level":"info","message":"User get to test page","timestamp":"2016-03-06T18:33:46.676Z"}
{"level":"info","message":"User get to test page","timestamp":"2016-03-06T18:33:48.431Z"}
{"level":"info","message":"A user connected!","timestamp":"2016-03-06T18:34:40.481Z"}
{"level":"info","message":"User get to index page","timestamp":"2016-03-06T18:34:46.324Z"}
{"level":"info","message":"User get to test page","timestamp":"2016-03-06T18:34:50.048Z"}
{"level":"info","message":"User get to test page","timestamp":"2016-03-06T18:35:26.052Z"}
{"level":"info","message":"User get to test page","timestamp":"2016-03-06T18:35:33.919Z"}
{"level":"info","message":"Getting information of user1122951877750315","timestamp":"2016-03-06T18:35:48.421Z"}
{"level":"info","message":"User get to test page","timestamp":"2016-03-06T18:36:16.677Z"}
{"level":"info","message":"User get to test page","timestamp":"2016-03-06T18:42:00.969Z"}
{"level":"info","message":"User get to test page","timestamp":"2016-03-06T18:46:36.225Z"}
{"level":"info","message":"User get to index page","timestamp":"2016-03-06T18:53:14.103Z"}
{"level":"info","message":"Getting information of user1122951877750315","timestamp":"2016-03-06T18:53:16.880Z"}
{"level":"info","message":"User get to index page","timestamp":"2016-03-06T18:56:17.442Z"}
